d:\documentos\computação gráfica\atividadescg\m6 - definindo trajetórias para alguns objetos\exericio8\debug\vc143.pdb
d:\documentos\computação gráfica\atividadescg\m6 - definindo trajetórias para alguns objetos\exericio8\debug\vc143.idb
d:\documentos\computação gráfica\atividadescg\m6 - definindo trajetórias para alguns objetos\exericio8\debug\glad.obj
d:\documentos\computação gráfica\atividadescg\m6 - definindo trajetórias para alguns objetos\exericio8\debug\origem.obj
d:\documentos\computação gráfica\atividadescg\gb\exericio8\debug\vc143.pdb
d:\documentos\computação gráfica\atividadescg\gb\exericio8\debug\vc143.idb
d:\documentos\computação gráfica\atividadescg\gb\exericio8\debug\glad.obj
d:\documentos\computação gráfica\atividadescg\gb\exericio8\debug\origem.obj
d:\documentos\computação gráfica\atividadescg\gb\exericio8\debug\shader.obj
d:\documentos\computação gráfica\atividadescg\gb\exericio8\debug\mesh.obj
d:\documentos\computação gráfica\atividadescg\gb\exericio8\debug\camera.obj
d:\documentos\computação gráfica\atividadescg\gb\exericio8\debug\bezier.obj
d:\documentos\computação gráfica\atividadescg\gb\exericio8\debug\curve.obj
d:\documentos\computação gráfica\atividadescg\gb\exericio8\debug\libconfigcpp.obj
d:\documentos\computação gráfica\atividadescg\m6 - definindo trajetórias para alguns objetos\debug\hello3d.exe
d:\documentos\computação gráfica\atividadescg\m6 - definindo trajetórias para alguns objetos\exericio8\debug\hello3d.ilk
d:\documentos\computação gráfica\atividadescg\m6 - definindo trajetórias para alguns objetos\debug\hello3d.pdb
d:\documentos\computação gráfica\atividadescg\gb\debug\hello3d.lib
d:\documentos\computação gráfica\atividadescg\gb\debug\hello3d.exp
d:\documentos\computação gráfica\atividadescg\gb\debug\hello3d.pdb
d:\documentos\computação gráfica\atividadescg\gb\exericio8\debug\hello3d.tlog\cl.command.1.tlog
d:\documentos\computação gráfica\atividadescg\gb\exericio8\debug\hello3d.tlog\cl.read.1.tlog
d:\documentos\computação gráfica\atividadescg\gb\exericio8\debug\hello3d.tlog\cl.write.1.tlog
d:\documentos\computação gráfica\atividadescg\gb\exericio8\debug\hello3d.tlog\link-cvtres.read.1.tlog
d:\documentos\computação gráfica\atividadescg\gb\exericio8\debug\hello3d.tlog\link-cvtres.write.1.tlog
d:\documentos\computação gráfica\atividadescg\gb\exericio8\debug\hello3d.tlog\link-rc.read.1.tlog
d:\documentos\computação gráfica\atividadescg\gb\exericio8\debug\hello3d.tlog\link-rc.write.1.tlog
d:\documentos\computação gráfica\atividadescg\gb\exericio8\debug\hello3d.tlog\link.34452-cvtres.read.1.tlog
d:\documentos\computação gráfica\atividadescg\gb\exericio8\debug\hello3d.tlog\link.34452-cvtres.write.1.tlog
d:\documentos\computação gráfica\atividadescg\gb\exericio8\debug\hello3d.tlog\link.34452-rc.read.1.tlog
d:\documentos\computação gráfica\atividadescg\gb\exericio8\debug\hello3d.tlog\link.34452-rc.write.1.tlog
d:\documentos\computação gráfica\atividadescg\gb\exericio8\debug\hello3d.tlog\link.34452.read.1.tlog
d:\documentos\computação gráfica\atividadescg\gb\exericio8\debug\hello3d.tlog\link.34452.write.1.tlog
d:\documentos\computação gráfica\atividadescg\gb\exericio8\debug\hello3d.tlog\link.command.1.tlog
d:\documentos\computação gráfica\atividadescg\gb\exericio8\debug\hello3d.tlog\link.read.1.tlog
d:\documentos\computação gráfica\atividadescg\gb\exericio8\debug\hello3d.tlog\link.write.1.tlog
d:\documentos\computação gráfica\atividadescg\gb\exericio8\debug\hello3d.tlog\link.write.2u.tlog
